<?xml version="1.0" encoding="UTF-8"?>
<testng-results ignored="0" total="1" passed="1" failed="0" skipped="0">
  <reporter-output>
    <line>
      <![CDATA[database connected]]>
    </line>
    <line>
      <![CDATA[browser launch successfully]]>
    </line>
    <line>
      <![CDATA[logged in successfully]]>
    </line>
    <line>
      <![CDATA[assertion pass]]>
    </line>
    <line>
      <![CDATA[logged out successfully]]>
    </line>
    <line>
      <![CDATA[logout successfully]]>
    </line>
    <line>
      <![CDATA[database dis-connected]]>
    </line>
  </reporter-output>
  <suite started-at="2023-02-26T20:02:40 IST" name="Default suite" finished-at="2023-02-26T20:02:58 IST" duration-ms="18220">
    <groups>
    </groups>
    <test started-at="2023-02-26T20:02:40 IST" name="Default test" finished-at="2023-02-26T20:02:58 IST" duration-ms="18220">
      <class name="com.actitime.testScript.createCustomer">
        <test-method is-config="true" signature="databaseConnection()[pri:0, instance:com.actitime.testScript.createCustomer@2b91004a]" started-at="2023-02-26T20:02:40 IST" name="databaseConnection" finished-at="2023-02-26T20:02:40 IST" duration-ms="7" status="PASS">
          <reporter-output>
            <line>
              <![CDATA[database connected]]>
            </line>
          </reporter-output>
        </test-method> <!-- databaseConnection -->
        <test-method is-config="true" signature="launchBrowser()[pri:0, instance:com.actitime.testScript.createCustomer@2b91004a]" started-at="2023-02-26T20:02:40 IST" name="launchBrowser" finished-at="2023-02-26T20:02:47 IST" duration-ms="7587" status="PASS">
          <reporter-output>
            <line>
              <![CDATA[browser launch successfully]]>
            </line>
          </reporter-output>
        </test-method> <!-- launchBrowser -->
        <test-method is-config="true" signature="loginactitime()[pri:0, instance:com.actitime.testScript.createCustomer@2b91004a]" started-at="2023-02-26T20:02:47 IST" name="loginactitime" finished-at="2023-02-26T20:02:47 IST" duration-ms="215" status="PASS">
          <reporter-output>
            <line>
              <![CDATA[logged in successfully]]>
            </line>
          </reporter-output>
        </test-method> <!-- loginactitime -->
        <test-method signature="createCust()[pri:0, instance:com.actitime.testScript.createCustomer@2b91004a]" started-at="2023-02-26T20:02:47 IST" name="createCust" finished-at="2023-02-26T20:02:58 IST" duration-ms="10264" status="PASS">
          <reporter-output>
            <line>
              <![CDATA[assertion pass]]>
            </line>
          </reporter-output>
        </test-method> <!-- createCust -->
        <test-method is-config="true" signature="logoutactitime()[pri:0, instance:com.actitime.testScript.createCustomer@2b91004a]" started-at="2023-02-26T20:02:58 IST" name="logoutactitime" finished-at="2023-02-26T20:02:58 IST" duration-ms="5" status="PASS">
          <reporter-output>
            <line>
              <![CDATA[logged out successfully]]>
            </line>
          </reporter-output>
        </test-method> <!-- logoutactitime -->
        <test-method is-config="true" signature="closeBrowser()[pri:0, instance:com.actitime.testScript.createCustomer@2b91004a]" started-at="2023-02-26T20:02:58 IST" name="closeBrowser" finished-at="2023-02-26T20:02:58 IST" duration-ms="123" status="PASS">
          <reporter-output>
            <line>
              <![CDATA[logout successfully]]>
            </line>
          </reporter-output>
        </test-method> <!-- closeBrowser -->
        <test-method is-config="true" signature="databaseDisConnected()[pri:0, instance:com.actitime.testScript.createCustomer@2b91004a]" started-at="2023-02-26T20:02:58 IST" name="databaseDisConnected" finished-at="2023-02-26T20:02:58 IST" duration-ms="1" status="PASS">
          <reporter-output>
            <line>
              <![CDATA[database dis-connected]]>
            </line>
          </reporter-output>
        </test-method> <!-- databaseDisConnected -->
      </class> <!-- com.actitime.testScript.createCustomer -->
    </test> <!-- Default test -->
  </suite> <!-- Default suite -->
</testng-results>
